Determining if the pthread_create exist failed with the following output:
Change Dir: /home/ddunning/Cercion/cercion_serial/Elements_examples/Laplacian/build/CMakeFiles/CMakeTmp

Run Build Command:"/usr/bin/gmake" "cmTC_88fe4/fast"
/usr/bin/gmake -f CMakeFiles/cmTC_88fe4.dir/build.make CMakeFiles/cmTC_88fe4.dir/build
gmake[1]: Entering directory `/home/ddunning/Cercion/cercion_serial/Elements_examples/Laplacian/build/CMakeFiles/CMakeTmp'
Building C object CMakeFiles/cmTC_88fe4.dir/CheckSymbolExists.c.o
/projects/opt/ppc64le/p9/gcc/9.2.0/bin/gcc    -o CMakeFiles/cmTC_88fe4.dir/CheckSymbolExists.c.o   -c /home/ddunning/Cercion/cercion_serial/Elements_examples/Laplacian/build/CMakeFiles/CMakeTmp/CheckSymbolExists.c
Linking C executable cmTC_88fe4
/projects/opt/ppc64le/cmake/3.12.4/bin/cmake -E cmake_link_script CMakeFiles/cmTC_88fe4.dir/link.txt --verbose=1
/projects/opt/ppc64le/p9/gcc/9.2.0/bin/gcc      -rdynamic CMakeFiles/cmTC_88fe4.dir/CheckSymbolExists.c.o  -o cmTC_88fe4 
CMakeFiles/cmTC_88fe4.dir/CheckSymbolExists.c.o:(.toc+0x0): undefined reference to `pthread_create'
collect2: error: ld returned 1 exit status
gmake[1]: *** [cmTC_88fe4] Error 1
gmake[1]: Leaving directory `/home/ddunning/Cercion/cercion_serial/Elements_examples/Laplacian/build/CMakeFiles/CMakeTmp'
gmake: *** [cmTC_88fe4/fast] Error 2

File /home/ddunning/Cercion/cercion_serial/Elements_examples/Laplacian/build/CMakeFiles/CMakeTmp/CheckSymbolExists.c:
/* */
#include <pthread.h>

int main(int argc, char** argv)
{
  (void)argv;
#ifndef pthread_create
  return ((int*)(&pthread_create))[argc];
#else
  (void)argc;
  return 0;
#endif
}

Determining if the function pthread_create exists in the pthreads failed with the following output:
Change Dir: /home/ddunning/Cercion/cercion_serial/Elements_examples/Laplacian/build/CMakeFiles/CMakeTmp

Run Build Command:"/usr/bin/gmake" "cmTC_9f740/fast"
/usr/bin/gmake -f CMakeFiles/cmTC_9f740.dir/build.make CMakeFiles/cmTC_9f740.dir/build
gmake[1]: Entering directory `/home/ddunning/Cercion/cercion_serial/Elements_examples/Laplacian/build/CMakeFiles/CMakeTmp'
Building C object CMakeFiles/cmTC_9f740.dir/CheckFunctionExists.c.o
/projects/opt/ppc64le/p9/gcc/9.2.0/bin/gcc   -DCHECK_FUNCTION_EXISTS=pthread_create   -o CMakeFiles/cmTC_9f740.dir/CheckFunctionExists.c.o   -c /projects/opt/ppc64le/cmake/3.12.4/share/cmake-3.12/Modules/CheckFunctionExists.c
Linking C executable cmTC_9f740
/projects/opt/ppc64le/cmake/3.12.4/bin/cmake -E cmake_link_script CMakeFiles/cmTC_9f740.dir/link.txt --verbose=1
/projects/opt/ppc64le/p9/gcc/9.2.0/bin/gcc  -DCHECK_FUNCTION_EXISTS=pthread_create    -rdynamic CMakeFiles/cmTC_9f740.dir/CheckFunctionExists.c.o  -o cmTC_9f740 -lpthreads 
/usr/bin/ld: cannot find -lpthreads
collect2: error: ld returned 1 exit status
gmake[1]: *** [cmTC_9f740] Error 1
gmake[1]: Leaving directory `/home/ddunning/Cercion/cercion_serial/Elements_examples/Laplacian/build/CMakeFiles/CMakeTmp'
gmake: *** [cmTC_9f740/fast] Error 2


